<?xml version="1.0" encoding="UTF-8"?>
<testng-results ignored="0" total="1" passed="1" failed="0" skipped="0">
  <reporter-output>
  </reporter-output>
  <suite started-at="2023-05-25T12:16:57 IST" name="TestSuite" finished-at="2023-05-25T12:17:08 IST" duration-ms="10899">
    <groups>
    </groups>
    <test started-at="2023-05-25T12:16:57 IST" name="Test" finished-at="2023-05-25T12:17:08 IST" duration-ms="10899">
      <class name="Tests.GoogleSearchResultsTest">
        <test-method is-config="true" signature="setupBrowser(org.testng.ITestContext)[pri:0, instance:Tests.GoogleSearchResultsTest@c333c60]" started-at="2023-05-25T12:16:57 IST" name="setupBrowser" finished-at="2023-05-25T12:17:06 IST" duration-ms="8425" status="PASS">
          <params>
            <param index="0">
              <value>
                <![CDATA[org.testng.TestRunner@64968732]]>
              </value>
            </param>
          </params>
          <reporter-output>
          </reporter-output>
        </test-method> <!-- setupBrowser -->
        <test-method signature="findResults()[pri:0, instance:Tests.GoogleSearchResultsTest@c333c60]" started-at="2023-05-25T12:17:06 IST" name="findResults" finished-at="2023-05-25T12:17:08 IST" duration-ms="2138" status="PASS">
          <reporter-output>
          </reporter-output>
        </test-method> <!-- findResults -->
        <test-method is-config="true" signature="closeBrowser()[pri:0, instance:Tests.GoogleSearchResultsTest@c333c60]" started-at="2023-05-25T12:17:08 IST" name="closeBrowser" finished-at="2023-05-25T12:17:08 IST" duration-ms="282" status="PASS">
          <reporter-output>
          </reporter-output>
        </test-method> <!-- closeBrowser -->
      </class> <!-- Tests.GoogleSearchResultsTest -->
    </test> <!-- Test -->
  </suite> <!-- TestSuite -->
</testng-results>
